2017/12/01 20:27:44 Starting cygwin install, version 2.882
2017/12/01 20:27:44 User has backup/restore rights
2017/12/01 20:27:44 io_stream_cygfile: fopen(/etc/setup/setup.rc) failed 2 No such file or directory
2017/12/01 20:27:44 Current Directory: C:\Users\nic\Downloads
2017/12/01 20:27:44 Could not open service McShield for query, start and stop. McAfee may not be installed, or we don't have access.
2017/12/01 20:28:01 source: network install
2017/12/01 20:30:01 mbox yesno: You should not choose a root path that include spaces in directory names.  Proceed anyway?
2017/12/01 20:30:33 root: C:\Users\nic\Downloads\Custom_Poke_Red system
2017/12/01 20:30:40 Selected local directory: C:\Users\nic\Downloads
2017/12/01 20:30:48 net: Direct
2017/12/01 20:31:04 site: http://cygwin.mirrors.hoobly.com/
2017/12/01 20:31:12 io_stream_cygfile: fopen(/etc/setup/installed.db) failed 2 No such file or directory
2017/12/01 20:31:13 io_stream_cygfile: fopen(/etc/setup/timestamp) failed 2 No such file or directory
2017/12/01 21:27:52 Adding required dependency binutils: Selecting version 2.29-1 for installation.
2017/12/01 21:27:52 Adding required dependency bzip2: Selecting version 1.0.6-3 for installation.
2017/12/01 21:27:52 Adding required dependency ca-certificates: Selecting version 2.16-1 for installation.
2017/12/01 21:27:52 Adding required dependency csih: Selecting version 0.9.9-1 for installation.
2017/12/01 21:27:52 Adding required dependency cygrunsrv: Selecting version 1.62-1 for installation.
2017/12/01 21:27:52 Adding required dependency groff: Selecting version 1.22.3-1 for installation.
2017/12/01 21:27:52 Adding required dependency less: Selecting version 487-1 for installation.
2017/12/01 21:27:52 Adding required dependency libargp: Selecting version 20110921-3 for installation.
2017/12/01 21:27:52 Adding required dependency libattr1: Selecting version 2.4.46-1 for installation.
2017/12/01 21:27:52 Adding required dependency libblkid1: Selecting version 2.25.2-2 for installation.
2017/12/01 21:27:52 Adding required dependency libbz2_1: Selecting version 1.0.6-3 for installation.
2017/12/01 21:27:52 Adding required dependency libcom_err2: Selecting version 1.42.12-2 for installation.
2017/12/01 21:27:52 Adding required dependency libcrypt0: Selecting version 2.1-1 for installation.
2017/12/01 21:27:52 Adding required dependency libcurl4: Selecting version 7.56.1-1 for installation.
2017/12/01 21:27:52 Adding required dependency libdb5.3: Selecting version 5.3.28-2 for installation.
2017/12/01 21:27:52 Adding required dependency libedit0: Selecting version 20130712-1 for installation.
2017/12/01 21:27:52 Adding required dependency libexpat1: Selecting version 2.2.3-1 for installation.
2017/12/01 21:27:52 Adding required dependency libffi6: Selecting version 3.2.1-2 for installation.
2017/12/01 21:27:52 Adding required dependency libgc1: Selecting version 7.6.0-1 for installation.
2017/12/01 21:27:52 Adding required dependency libgcc1: Selecting version 6.4.0-4 for installation.
2017/12/01 21:27:52 Adding required dependency libgdbm4: Selecting version 1.12-1 for installation.
2017/12/01 21:27:52 Adding required dependency libgmp10: Selecting version 6.1.2-1 for installation.
2017/12/01 21:27:52 Adding required dependency libgssapi_krb5_2: Selecting version 1.15.2-1 for installation.
2017/12/01 21:27:52 Adding required dependency libguile17: Selecting version 1.8.8-3 for installation.
2017/12/01 21:27:52 Adding required dependency libguile2.0_22: Selecting version 2.0.14-1 for installation.
2017/12/01 21:27:52 Adding required dependency libiconv: Selecting version 1.14-3 for installation.
2017/12/01 21:27:52 Adding required dependency libiconv2: Selecting version 1.14-3 for installation.
2017/12/01 21:27:52 Adding required dependency libidn2_0: Selecting version 2.0.4-1 for installation.
2017/12/01 21:27:52 Adding required dependency libintl8: Selecting version 0.19.8.1-2 for installation.
2017/12/01 21:27:52 Adding required dependency libk5crypto3: Selecting version 1.15.2-1 for installation.
2017/12/01 21:27:52 Adding required dependency libkrb5support0: Selecting version 1.15.2-1 for installation.
2017/12/01 21:27:52 Adding required dependency libkrb5_3: Selecting version 1.15.2-1 for installation.
2017/12/01 21:27:52 Adding required dependency libltdl7: Selecting version 2.4.6-5 for installation.
2017/12/01 21:27:52 Adding required dependency liblzma5: Selecting version 5.2.3-1 for installation.
2017/12/01 21:27:52 Adding required dependency libmpfr4: Selecting version 3.1.6-1p1 for installation.
2017/12/01 21:27:52 Adding required dependency libncursesw10: Selecting version 6.0-11.20170617 for installation.
2017/12/01 21:27:52 Adding required dependency libnghttp2_14: Selecting version 1.23.1-1 for installation.
2017/12/01 21:27:52 Adding required dependency libopenldap2_4_2: Selecting version 2.4.42-1 for installation.
2017/12/01 21:27:52 Adding required dependency libp11-kit0: Selecting version 0.23.5-1 for installation.
2017/12/01 21:27:52 Adding required dependency libpcre1: Selecting version 8.40-3 for installation.
2017/12/01 21:27:52 Adding required dependency libpipeline1: Selecting version 1.4.0-1 for installation.
2017/12/01 21:27:52 Adding required dependency libpopt-common: Selecting version 1.16-2 for installation.
2017/12/01 21:27:52 Adding required dependency libpopt0: Selecting version 1.16-2 for installation.
2017/12/01 21:27:52 Adding required dependency libpsl5: Selecting version 0.18.0-1 for installation.
2017/12/01 21:27:52 Adding required dependency libsasl2_3: Selecting version 2.1.26-11 for installation.
2017/12/01 21:27:52 Adding required dependency libsigsegv2: Selecting version 2.10-2 for installation.
2017/12/01 21:27:52 Adding required dependency libsmartcols1: Selecting version 2.25.2-2 for installation.
2017/12/01 21:27:52 Adding required dependency libsqlite3_0: Selecting version 3.21.0-1 for installation.
2017/12/01 21:27:52 Adding required dependency libssh2_1: Selecting version 1.7.0-1 for installation.
2017/12/01 21:27:52 Adding required dependency libssp0: Selecting version 6.4.0-4 for installation.
2017/12/01 21:27:52 Adding required dependency libstdc++6: Selecting version 6.4.0-4 for installation.
2017/12/01 21:27:52 Adding required dependency libtasn1_6: Selecting version 4.12-1 for installation.
2017/12/01 21:27:52 Adding required dependency libunistring2: Selecting version 0.9.6-1 for installation.
2017/12/01 21:27:52 Adding required dependency libuuid-devel: Selecting version 2.25.2-2 for installation.
2017/12/01 21:27:52 Adding required dependency libuuid1: Selecting version 2.25.2-2 for installation.
2017/12/01 21:27:52 Adding required dependency openssh: Selecting version 7.6p1-1 for installation.
2017/12/01 21:27:52 Adding required dependency p11-kit: Selecting version 0.23.5-1 for installation.
2017/12/01 21:27:52 Adding required dependency p11-kit-trust: Selecting version 0.23.5-1 for installation.
2017/12/01 21:27:52 Adding required dependency perl: Selecting version 5.26.1-1 for installation.
2017/12/01 21:27:52 Adding required dependency perl-Error: Selecting version 0.17025-2 for installation.
2017/12/01 21:27:52 Adding required dependency perl-TermReadKey: Selecting version 2.37-2 for installation.
2017/12/01 21:27:52 Adding required dependency perl_autorebase: Selecting version 5.26.1-1 for installation.
2017/12/01 21:27:52 Adding required dependency perl_base: Selecting version 5.26.1-1 for installation.
2017/12/01 21:27:52 Adding required dependency publicsuffix-list-dafsa: Selecting version 20171028-1 for installation.
2017/12/01 21:27:52 Adding required dependency python2-appdirs: Selecting version 1.4.3-1 for installation.
2017/12/01 21:27:52 Adding required dependency python2-packaging: Selecting version 16.8-1 for installation.
2017/12/01 21:27:52 Adding required dependency python2-pyparsing: Selecting version 2.1.10-1 for installation.
2017/12/01 21:27:52 Adding required dependency python2-six: Selecting version 1.10.0-1 for installation.
2017/12/01 21:27:52 Adding required dependency rsync: Selecting version 3.1.2-1 for installation.
2017/12/01 21:27:52 Adding required dependency tzcode: Selecting version 2017c-1 for installation.
2017/12/01 21:27:52 Adding required dependency xz: Selecting version 5.2.3-1 for installation.
2017/12/01 21:27:52 Adding required dependency zlib0: Selecting version 1.2.11-1 for installation.
2017/12/01 21:27:53 Downloaded C:\Users\nic\Downloads/http%3a%2f%2fcygwin.mirrors.hoobly.com%2f/noarch/release/_autorebase/_autorebase-001006-1.tar.xz
2017/12/01 21:27:53 Downloaded C:\Users\nic\Downloads/http%3a%2f%2fcygwin.mirrors.hoobly.com%2f/x86_64/release/alternatives/alternatives-1.3.30c-10.tar.bz2
2017/12/01 21:27:53 Downloaded C:\Users\nic\Downloads/http%3a%2f%2fcygwin.mirrors.hoobly.com%2f/noarch/release/base-cygwin/base-cygwin-3.8-1.tar.xz
2017/12/01 21:27:54 Downloaded C:\Users\nic\Downloads/http%3a%2f%2fcygwin.mirrors.hoobly.com%2f/noarch/release/base-files/base-files-4.2-4.tar.xz
2017/12/01 21:28:00 Downloaded C:\Users\nic\Downloads/http%3a%2f%2fcygwin.mirrors.hoobly.com%2f/x86_64/release/bash/bash-4.4.12-3.tar.xz
2017/12/01 21:28:48 Downloaded C:\Users\nic\Downloads/http%3a%2f%2fcygwin.mirrors.hoobly.com%2f/x86_64/release/binutils/binutils-2.29-1.tar.xz
2017/12/01 21:28:48 Downloaded C:\Users\nic\Downloads/http%3a%2f%2fcygwin.mirrors.hoobly.com%2f/x86_64/release/bzip2/bzip2-1.0.6-3.tar.xz
2017/12/01 21:28:50 Downloaded C:\Users\nic\Downloads/http%3a%2f%2fcygwin.mirrors.hoobly.com%2f/noarch/release/ca-certificates/ca-certificates-2.16-1.tar.xz
2017/12/01 21:29:04 Downloaded C:\Users\nic\Downloads/http%3a%2f%2fcygwin.mirrors.hoobly.com%2f/x86_64/release/coreutils/coreutils-8.26-2.tar.xz
2017/12/01 21:29:05 Downloaded C:\Users\nic\Downloads/http%3a%2f%2fcygwin.mirrors.hoobly.com%2f/x86_64/release/csih/csih-0.9.9-1.tar.xz
2017/12/01 21:29:05 Downloaded C:\Users\nic\Downloads/http%3a%2f%2fcygwin.mirrors.hoobly.com%2f/x86_64/release/cygrunsrv/cygrunsrv-1.62-1.tar.xz
2017/12/01 21:29:05 Downloaded C:\Users\nic\Downloads/http%3a%2f%2fcygwin.mirrors.hoobly.com%2f/x86_64/release/cygutils/cygutils-1.4.16-2.tar.xz
2017/12/01 21:29:16 Downloaded C:\Users\nic\Downloads/http%3a%2f%2fcygwin.mirrors.hoobly.com%2f/x86_64/release/cygwin/cygwin-2.9.0-3.tar.xz
2017/12/01 21:29:17 Downloaded C:\Users\nic\Downloads/http%3a%2f%2fcygwin.mirrors.hoobly.com%2f/x86_64/release/dash/dash-0.5.9.1-1.tar.xz
2017/12/01 21:29:18 Downloaded C:\Users\nic\Downloads/http%3a%2f%2fcygwin.mirrors.hoobly.com%2f/x86_64/release/diffutils/diffutils-3.5-2.tar.xz
2017/12/01 21:29:18 Downloaded C:\Users\nic\Downloads/http%3a%2f%2fcygwin.mirrors.hoobly.com%2f/x86_64/release/editrights/editrights-1.03-1.tar.xz
2017/12/01 21:29:21 Downloaded C:\Users\nic\Downloads/http%3a%2f%2fcygwin.mirrors.hoobly.com%2f/x86_64/release/file/file-5.30-1.tar.xz
2017/12/01 21:29:24 Downloaded C:\Users\nic\Downloads/http%3a%2f%2fcygwin.mirrors.hoobly.com%2f/x86_64/release/findutils/findutils-4.6.0-1.tar.xz
2017/12/01 21:29:30 Downloaded C:\Users\nic\Downloads/http%3a%2f%2fcygwin.mirrors.hoobly.com%2f/x86_64/release/gawk/gawk-4.2.0-1.tar.xz
2017/12/01 21:29:30 Downloaded C:\Users\nic\Downloads/http%3a%2f%2fcygwin.mirrors.hoobly.com%2f/x86_64/release/getent/getent-2.18.90-4.tar.xz
2017/12/01 21:29:31 Downloaded C:\Users\nic\Downloads/http%3a%2f%2fcygwin.mirrors.hoobly.com%2f/x86_64/release/gettext/gettext-0.19.8.1-2.tar.xz
2017/12/01 21:30:00 Downloaded C:\Users\nic\Downloads/http%3a%2f%2fcygwin.mirrors.hoobly.com%2f/x86_64/release/git/git-2.15.1-1.tar.xz
2017/12/01 21:30:02 Downloaded C:\Users\nic\Downloads/http%3a%2f%2fcygwin.mirrors.hoobly.com%2f/x86_64/release/grep/grep-3.0-2.tar.xz
2017/12/01 21:30:15 Downloaded C:\Users\nic\Downloads/http%3a%2f%2fcygwin.mirrors.hoobly.com%2f/x86_64/release/groff/groff-1.22.3-1.tar.xz
2017/12/01 21:30:16 Downloaded C:\Users\nic\Downloads/http%3a%2f%2fcygwin.mirrors.hoobly.com%2f/x86_64/release/gzip/gzip-1.8-1.tar.xz
2017/12/01 21:30:16 Downloaded C:\Users\nic\Downloads/http%3a%2f%2fcygwin.mirrors.hoobly.com%2f/x86_64/release/hostname/hostname-3.13-1.tar.bz2
2017/12/01 21:30:18 Downloaded C:\Users\nic\Downloads/http%3a%2f%2fcygwin.mirrors.hoobly.com%2f/x86_64/release/texinfo/info/info-6.5-2.tar.xz
2017/12/01 21:30:18 Downloaded C:\Users\nic\Downloads/http%3a%2f%2fcygwin.mirrors.hoobly.com%2f/x86_64/release/ipc-utils/ipc-utils-1.0-2.tar.bz2
2017/12/01 21:30:18 Downloaded C:\Users\nic\Downloads/http%3a%2f%2fcygwin.mirrors.hoobly.com%2f/x86_64/release/less/less-487-1.tar.xz
2017/12/01 21:30:19 Downloaded C:\Users\nic\Downloads/http%3a%2f%2fcygwin.mirrors.hoobly.com%2f/x86_64/release/libargp/libargp-20110921-3.tar.xz
2017/12/01 21:30:19 Downloaded C:\Users\nic\Downloads/http%3a%2f%2fcygwin.mirrors.hoobly.com%2f/x86_64/release/attr/libattr1/libattr1-2.4.46-1.tar.bz2
2017/12/01 21:30:19 Downloaded C:\Users\nic\Downloads/http%3a%2f%2fcygwin.mirrors.hoobly.com%2f/x86_64/release/util-linux/libblkid1/libblkid1-2.25.2-2.tar.xz
2017/12/01 21:30:19 Downloaded C:\Users\nic\Downloads/http%3a%2f%2fcygwin.mirrors.hoobly.com%2f/x86_64/release/bzip2/libbz2_1/libbz2_1-1.0.6-3.tar.xz
2017/12/01 21:30:19 Downloaded C:\Users\nic\Downloads/http%3a%2f%2fcygwin.mirrors.hoobly.com%2f/x86_64/release/e2fsprogs/libcom_err2/libcom_err2-1.42.12-2.tar.xz
2017/12/01 21:30:19 Downloaded C:\Users\nic\Downloads/http%3a%2f%2fcygwin.mirrors.hoobly.com%2f/x86_64/release/crypt/libcrypt0/libcrypt0-2.1-1.tar.xz
2017/12/01 21:30:20 Downloaded C:\Users\nic\Downloads/http%3a%2f%2fcygwin.mirrors.hoobly.com%2f/x86_64/release/curl/libcurl4/libcurl4-7.56.1-1.tar.xz
2017/12/01 21:30:25 Downloaded C:\Users\nic\Downloads/http%3a%2f%2fcygwin.mirrors.hoobly.com%2f/x86_64/release/db/libdb5.3/libdb5.3-5.3.28-2.tar.xz
2017/12/01 21:30:25 Downloaded C:\Users\nic\Downloads/http%3a%2f%2fcygwin.mirrors.hoobly.com%2f/x86_64/release/libedit/libedit0/libedit0-20130712-1.tar.xz
2017/12/01 21:30:26 Downloaded C:\Users\nic\Downloads/http%3a%2f%2fcygwin.mirrors.hoobly.com%2f/x86_64/release/expat/libexpat1/libexpat1-2.2.3-1.tar.xz
2017/12/01 21:30:26 Downloaded C:\Users\nic\Downloads/http%3a%2f%2fcygwin.mirrors.hoobly.com%2f/x86_64/release/libffi/libffi6/libffi6-3.2.1-2.tar.xz
2017/12/01 21:30:26 Downloaded C:\Users\nic\Downloads/http%3a%2f%2fcygwin.mirrors.hoobly.com%2f/x86_64/release/libgc/libgc1/libgc1-7.6.0-1.tar.xz
2017/12/01 21:30:26 Downloaded C:\Users\nic\Downloads/http%3a%2f%2fcygwin.mirrors.hoobly.com%2f/x86_64/release/gcc/libgcc1/libgcc1-6.4.0-4.tar.xz
2017/12/01 21:30:27 Downloaded C:\Users\nic\Downloads/http%3a%2f%2fcygwin.mirrors.hoobly.com%2f/x86_64/release/gdbm/libgdbm4/libgdbm4-1.12-1.tar.xz
2017/12/01 21:30:28 Downloaded C:\Users\nic\Downloads/http%3a%2f%2fcygwin.mirrors.hoobly.com%2f/x86_64/release/gmp/libgmp10/libgmp10-6.1.2-1.tar.xz
2017/12/01 21:30:28 Downloaded C:\Users\nic\Downloads/http%3a%2f%2fcygwin.mirrors.hoobly.com%2f/x86_64/release/krb5/libgssapi_krb5_2/libgssapi_krb5_2-1.15.2-1.tar.xz
2017/12/01 21:30:31 Downloaded C:\Users\nic\Downloads/http%3a%2f%2fcygwin.mirrors.hoobly.com%2f/x86_64/release/guile1.8/libguile17/libguile17-1.8.8-3.tar.xz
2017/12/01 21:30:44 Downloaded C:\Users\nic\Downloads/http%3a%2f%2fcygwin.mirrors.hoobly.com%2f/x86_64/release/guile/libguile2.0_22/libguile2.0_22-2.0.14-1.tar.xz
2017/12/01 21:30:44 Downloaded C:\Users\nic\Downloads/http%3a%2f%2fcygwin.mirrors.hoobly.com%2f/x86_64/release/libiconv/libiconv-1.14-3.tar.xz
2017/12/01 21:30:47 Downloaded C:\Users\nic\Downloads/http%3a%2f%2fcygwin.mirrors.hoobly.com%2f/x86_64/release/libiconv/libiconv2/libiconv2-1.14-3.tar.xz
2017/12/01 21:30:47 Downloaded C:\Users\nic\Downloads/http%3a%2f%2fcygwin.mirrors.hoobly.com%2f/x86_64/release/libidn2/libidn2_0/libidn2_0-2.0.4-1.tar.xz
2017/12/01 21:30:47 Downloaded C:\Users\nic\Downloads/http%3a%2f%2fcygwin.mirrors.hoobly.com%2f/x86_64/release/gettext/libintl8/libintl8-0.19.8.1-2.tar.xz
2017/12/01 21:30:47 Downloaded C:\Users\nic\Downloads/http%3a%2f%2fcygwin.mirrors.hoobly.com%2f/x86_64/release/krb5/libk5crypto3/libk5crypto3-1.15.2-1.tar.xz
2017/12/01 21:30:48 Downloaded C:\Users\nic\Downloads/http%3a%2f%2fcygwin.mirrors.hoobly.com%2f/x86_64/release/krb5/libkrb5_3/libkrb5_3-1.15.2-1.tar.xz
2017/12/01 21:30:48 Downloaded C:\Users\nic\Downloads/http%3a%2f%2fcygwin.mirrors.hoobly.com%2f/x86_64/release/krb5/libkrb5support0/libkrb5support0-1.15.2-1.tar.xz
2017/12/01 21:30:49 Downloaded C:\Users\nic\Downloads/http%3a%2f%2fcygwin.mirrors.hoobly.com%2f/x86_64/release/libtool/libltdl7/libltdl7-2.4.6-5.tar.xz
2017/12/01 21:30:49 Downloaded C:\Users\nic\Downloads/http%3a%2f%2fcygwin.mirrors.hoobly.com%2f/x86_64/release/xz/liblzma5/liblzma5-5.2.3-1.tar.xz
2017/12/01 21:30:50 Downloaded C:\Users\nic\Downloads/http%3a%2f%2fcygwin.mirrors.hoobly.com%2f/x86_64/release/mpfr/libmpfr4/libmpfr4-3.1.6-1p1.tar.xz
2017/12/01 21:30:51 Downloaded C:\Users\nic\Downloads/http%3a%2f%2fcygwin.mirrors.hoobly.com%2f/x86_64/release/ncurses/libncursesw10/libncursesw10-6.0-11.20170617.tar.xz
2017/12/01 21:30:51 Downloaded C:\Users\nic\Downloads/http%3a%2f%2fcygwin.mirrors.hoobly.com%2f/x86_64/release/nghttp2/libnghttp2_14/libnghttp2_14-1.23.1-1.tar.xz
2017/12/01 21:30:51 Downloaded C:\Users\nic\Downloads/http%3a%2f%2fcygwin.mirrors.hoobly.com%2f/x86_64/release/openldap/libopenldap2_4_2/libopenldap2_4_2-2.4.42-1.tar.xz
2017/12/01 21:30:57 Downloaded C:\Users\nic\Downloads/http%3a%2f%2fcygwin.mirrors.hoobly.com%2f/x86_64/release/openssl/libopenssl100/libopenssl100-1.0.2m-1.tar.xz
2017/12/01 21:30:58 Downloaded C:\Users\nic\Downloads/http%3a%2f%2fcygwin.mirrors.hoobly.com%2f/x86_64/release/p11-kit/libp11-kit0/libp11-kit0-0.23.5-1.tar.xz
2017/12/01 21:30:59 Downloaded C:\Users\nic\Downloads/http%3a%2f%2fcygwin.mirrors.hoobly.com%2f/x86_64/release/pcre/libpcre1/libpcre1-8.40-3.tar.xz
2017/12/01 21:30:59 Downloaded C:\Users\nic\Downloads/http%3a%2f%2fcygwin.mirrors.hoobly.com%2f/x86_64/release/libpipeline/libpipeline1/libpipeline1-1.4.0-1.tar.xz
2017/12/01 21:30:59 Downloaded C:\Users\nic\Downloads/http%3a%2f%2fcygwin.mirrors.hoobly.com%2f/x86_64/release/popt/libpopt-common/libpopt-common-1.16-2.tar.xz
2017/12/01 21:30:59 Downloaded C:\Users\nic\Downloads/http%3a%2f%2fcygwin.mirrors.hoobly.com%2f/x86_64/release/popt/libpopt0/libpopt0-1.16-2.tar.xz
2017/12/01 21:30:59 Downloaded C:\Users\nic\Downloads/http%3a%2f%2fcygwin.mirrors.hoobly.com%2f/x86_64/release/libpsl/libpsl5/libpsl5-0.18.0-1.tar.xz
2017/12/01 21:31:00 Downloaded C:\Users\nic\Downloads/http%3a%2f%2fcygwin.mirrors.hoobly.com%2f/x86_64/release/readline/libreadline7/libreadline7-7.0.3-3.tar.xz
2017/12/01 21:31:00 Downloaded C:\Users\nic\Downloads/http%3a%2f%2fcygwin.mirrors.hoobly.com%2f/x86_64/release/cyrus-sasl/libsasl2_3/libsasl2_3-2.1.26-11.tar.xz
2017/12/01 21:31:01 Downloaded C:\Users\nic\Downloads/http%3a%2f%2fcygwin.mirrors.hoobly.com%2f/x86_64/release/libsigsegv/libsigsegv2/libsigsegv2-2.10-2.tar.xz
2017/12/01 21:31:01 Downloaded C:\Users\nic\Downloads/http%3a%2f%2fcygwin.mirrors.hoobly.com%2f/x86_64/release/util-linux/libsmartcols1/libsmartcols1-2.25.2-2.tar.xz
2017/12/01 21:31:03 Downloaded C:\Users\nic\Downloads/http%3a%2f%2fcygwin.mirrors.hoobly.com%2f/x86_64/release/sqlite3/libsqlite3_0/libsqlite3_0-3.21.0-1.tar.xz
2017/12/01 21:31:04 Downloaded C:\Users\nic\Downloads/http%3a%2f%2fcygwin.mirrors.hoobly.com%2f/x86_64/release/libssh2/libssh2_1/libssh2_1-1.7.0-1.tar.xz
2017/12/01 21:31:04 Downloaded C:\Users\nic\Downloads/http%3a%2f%2fcygwin.mirrors.hoobly.com%2f/x86_64/release/gcc/libssp0/libssp0-6.4.0-4.tar.xz
2017/12/01 21:31:05 Downloaded C:\Users\nic\Downloads/http%3a%2f%2fcygwin.mirrors.hoobly.com%2f/x86_64/release/gcc/libstdc++6/libstdc++6-6.4.0-4.tar.xz
2017/12/01 21:31:05 Downloaded C:\Users\nic\Downloads/http%3a%2f%2fcygwin.mirrors.hoobly.com%2f/x86_64/release/libtasn1/libtasn1_6/libtasn1_6-4.12-1.tar.xz
2017/12/01 21:31:07 Downloaded C:\Users\nic\Downloads/http%3a%2f%2fcygwin.mirrors.hoobly.com%2f/x86_64/release/libunistring/libunistring2/libunistring2-0.9.6-1.tar.xz
2017/12/01 21:31:07 Downloaded C:\Users\nic\Downloads/http%3a%2f%2fcygwin.mirrors.hoobly.com%2f/x86_64/release/util-linux/libuuid-devel/libuuid-devel-2.25.2-2.tar.xz
2017/12/01 21:31:07 Downloaded C:\Users\nic\Downloads/http%3a%2f%2fcygwin.mirrors.hoobly.com%2f/x86_64/release/util-linux/libuuid1/libuuid1-2.25.2-2.tar.xz
2017/12/01 21:31:07 Downloaded C:\Users\nic\Downloads/http%3a%2f%2fcygwin.mirrors.hoobly.com%2f/x86_64/release/login/login-1.11-1.tar.xz
2017/12/01 21:31:10 Downloaded C:\Users\nic\Downloads/http%3a%2f%2fcygwin.mirrors.hoobly.com%2f/x86_64/release/make/make-4.2.1-2.tar.xz
2017/12/01 21:31:15 Downloaded C:\Users\nic\Downloads/http%3a%2f%2fcygwin.mirrors.hoobly.com%2f/x86_64/release/man-db/man-db-2.7.5-2.tar.xz
2017/12/01 21:31:17 Downloaded C:\Users\nic\Downloads/http%3a%2f%2fcygwin.mirrors.hoobly.com%2f/x86_64/release/mintty/mintty-2.8.1-0.tar.xz
2017/12/01 21:31:18 Downloaded C:\Users\nic\Downloads/http%3a%2f%2fcygwin.mirrors.hoobly.com%2f/x86_64/release/ncurses/ncurses-6.0-11.20170617.tar.xz
2017/12/01 21:31:23 Downloaded C:\Users\nic\Downloads/http%3a%2f%2fcygwin.mirrors.hoobly.com%2f/x86_64/release/openssh/openssh-7.6p1-1.tar.xz
2017/12/01 21:31:29 Downloaded C:\Users\nic\Downloads/http%3a%2f%2fcygwin.mirrors.hoobly.com%2f/x86_64/release/openssl/openssl-1.0.2m-1.tar.xz
2017/12/01 21:31:30 Downloaded C:\Users\nic\Downloads/http%3a%2f%2fcygwin.mirrors.hoobly.com%2f/x86_64/release/p11-kit/p11-kit-0.23.5-1.tar.xz
2017/12/01 21:31:30 Downloaded C:\Users\nic\Downloads/http%3a%2f%2fcygwin.mirrors.hoobly.com%2f/x86_64/release/p11-kit/p11-kit-trust/p11-kit-trust-0.23.5-1.tar.xz
2017/12/01 21:31:55 Downloaded C:\Users\nic\Downloads/http%3a%2f%2fcygwin.mirrors.hoobly.com%2f/x86_64/release/perl/perl-5.26.1-1.tar.xz
2017/12/01 21:31:55 Downloaded C:\Users\nic\Downloads/http%3a%2f%2fcygwin.mirrors.hoobly.com%2f/noarch/release/perl-Error/perl-Error-0.17025-2.tar.xz
2017/12/01 21:31:55 Downloaded C:\Users\nic\Downloads/http%3a%2f%2fcygwin.mirrors.hoobly.com%2f/x86_64/release/perl-TermReadKey/perl-TermReadKey-2.37-2.tar.xz
2017/12/01 21:31:55 Downloaded C:\Users\nic\Downloads/http%3a%2f%2fcygwin.mirrors.hoobly.com%2f/x86_64/release/perl/perl_autorebase/perl_autorebase-5.26.1-1.tar.xz
2017/12/01 21:32:10 Downloaded C:\Users\nic\Downloads/http%3a%2f%2fcygwin.mirrors.hoobly.com%2f/x86_64/release/perl/perl_base/perl_base-5.26.1-1.tar.xz
2017/12/01 21:32:10 Downloaded C:\Users\nic\Downloads/http%3a%2f%2fcygwin.mirrors.hoobly.com%2f/noarch/release/publicsuffix-list/publicsuffix-list-dafsa/publicsuffix-list-dafsa-20171028-1.tar.xz
2017/12/01 21:32:38 Downloaded C:\Users\nic\Downloads/http%3a%2f%2fcygwin.mirrors.hoobly.com%2f/x86_64/release/python2/python2-2.7.14-1.tar.xz
2017/12/01 21:32:38 Downloaded C:\Users\nic\Downloads/http%3a%2f%2fcygwin.mirrors.hoobly.com%2f/noarch/release/python-appdirs/python2-appdirs/python2-appdirs-1.4.3-1.tar.xz
2017/12/01 21:32:39 Downloaded C:\Users\nic\Downloads/http%3a%2f%2fcygwin.mirrors.hoobly.com%2f/noarch/release/python-packaging/python2-packaging/python2-packaging-16.8-1.tar.xz
2017/12/01 21:32:39 Downloaded C:\Users\nic\Downloads/http%3a%2f%2fcygwin.mirrors.hoobly.com%2f/noarch/release/python-pyparsing/python2-pyparsing/python2-pyparsing-2.1.10-1.tar.xz
2017/12/01 21:32:41 Downloaded C:\Users\nic\Downloads/http%3a%2f%2fcygwin.mirrors.hoobly.com%2f/noarch/release/python-setuptools/python2-setuptools/python2-setuptools-34.3.2-1.tar.xz
2017/12/01 21:32:42 Downloaded C:\Users\nic\Downloads/http%3a%2f%2fcygwin.mirrors.hoobly.com%2f/noarch/release/python-six/python2-six/python2-six-1.10.0-1.tar.xz
2017/12/01 21:32:43 Downloaded C:\Users\nic\Downloads/http%3a%2f%2fcygwin.mirrors.hoobly.com%2f/x86_64/release/rebase/rebase-4.4.2-1.tar.xz
2017/12/01 21:32:48 Downloaded C:\Users\nic\Downloads/http%3a%2f%2fcygwin.mirrors.hoobly.com%2f/x86_64/release/rsync/rsync-3.1.2-1.tar.xz
2017/12/01 21:32:48 Downloaded C:\Users\nic\Downloads/http%3a%2f%2fcygwin.mirrors.hoobly.com%2f/x86_64/release/run/run-1.3.4-2.tar.xz
2017/12/01 21:32:49 Downloaded C:\Users\nic\Downloads/http%3a%2f%2fcygwin.mirrors.hoobly.com%2f/x86_64/release/sed/sed-4.4-1.tar.xz
2017/12/01 21:32:54 Downloaded C:\Users\nic\Downloads/http%3a%2f%2fcygwin.mirrors.hoobly.com%2f/x86_64/release/tar/tar-1.29-1.tar.xz
2017/12/01 21:32:54 Downloaded C:\Users\nic\Downloads/http%3a%2f%2fcygwin.mirrors.hoobly.com%2f/x86_64/release/ncurses/terminfo/terminfo-6.0-11.20170617.tar.xz
2017/12/01 21:32:55 Downloaded C:\Users\nic\Downloads/http%3a%2f%2fcygwin.mirrors.hoobly.com%2f/x86_64/release/tzcode/tzcode-2017c-1.tar.xz
2017/12/01 21:32:57 Downloaded C:\Users\nic\Downloads/http%3a%2f%2fcygwin.mirrors.hoobly.com%2f/noarch/release/tzdata/tzdata-2017c-1.tar.xz
2017/12/01 21:33:03 Downloaded C:\Users\nic\Downloads/http%3a%2f%2fcygwin.mirrors.hoobly.com%2f/x86_64/release/util-linux/util-linux-2.25.2-2.tar.xz
2017/12/01 21:33:05 Downloaded C:\Users\nic\Downloads/http%3a%2f%2fcygwin.mirrors.hoobly.com%2f/x86_64/release/vim/vim-minimal/vim-minimal-8.0.1216-1.tar.xz
2017/12/01 21:33:06 Downloaded C:\Users\nic\Downloads/http%3a%2f%2fcygwin.mirrors.hoobly.com%2f/x86_64/release/which/which-2.20-2.tar.bz2
2017/12/01 21:33:07 Downloaded C:\Users\nic\Downloads/http%3a%2f%2fcygwin.mirrors.hoobly.com%2f/x86_64/release/xz/xz-5.2.3-1.tar.xz
2017/12/01 21:33:07 Downloaded C:\Users\nic\Downloads/http%3a%2f%2fcygwin.mirrors.hoobly.com%2f/x86_64/release/zlib/zlib0/zlib0-1.2.11-1.tar.xz
2017/12/01 21:33:11 Extracting from file://C:\Users\nic\Downloads/http%3a%2f%2fcygwin.mirrors.hoobly.com%2f/noarch/release/_autorebase/_autorebase-001006-1.tar.xz
2017/12/01 21:33:11 Extracting from file://C:\Users\nic\Downloads/http%3a%2f%2fcygwin.mirrors.hoobly.com%2f/x86_64/release/alternatives/alternatives-1.3.30c-10.tar.bz2
2017/12/01 21:33:12 Extracting from file://C:\Users\nic\Downloads/http%3a%2f%2fcygwin.mirrors.hoobly.com%2f/noarch/release/base-cygwin/base-cygwin-3.8-1.tar.xz
2017/12/01 21:33:12 Extracting from file://C:\Users\nic\Downloads/http%3a%2f%2fcygwin.mirrors.hoobly.com%2f/noarch/release/base-files/base-files-4.2-4.tar.xz
2017/12/01 21:33:12 Extracting from file://C:\Users\nic\Downloads/http%3a%2f%2fcygwin.mirrors.hoobly.com%2f/x86_64/release/bash/bash-4.4.12-3.tar.xz
2017/12/01 21:33:12 Extracting from file://C:\Users\nic\Downloads/http%3a%2f%2fcygwin.mirrors.hoobly.com%2f/x86_64/release/binutils/binutils-2.29-1.tar.xz
2017/12/01 21:33:13 Extracting from file://C:\Users\nic\Downloads/http%3a%2f%2fcygwin.mirrors.hoobly.com%2f/x86_64/release/bzip2/bzip2-1.0.6-3.tar.xz
2017/12/01 21:33:13 Extracting from file://C:\Users\nic\Downloads/http%3a%2f%2fcygwin.mirrors.hoobly.com%2f/noarch/release/ca-certificates/ca-certificates-2.16-1.tar.xz
2017/12/01 21:33:14 Extracting from file://C:\Users\nic\Downloads/http%3a%2f%2fcygwin.mirrors.hoobly.com%2f/x86_64/release/coreutils/coreutils-8.26-2.tar.xz
2017/12/01 21:33:15 Extracting from file://C:\Users\nic\Downloads/http%3a%2f%2fcygwin.mirrors.hoobly.com%2f/x86_64/release/csih/csih-0.9.9-1.tar.xz
2017/12/01 21:33:15 Extracting from file://C:\Users\nic\Downloads/http%3a%2f%2fcygwin.mirrors.hoobly.com%2f/x86_64/release/cygrunsrv/cygrunsrv-1.62-1.tar.xz
2017/12/01 21:33:15 Extracting from file://C:\Users\nic\Downloads/http%3a%2f%2fcygwin.mirrors.hoobly.com%2f/x86_64/release/cygutils/cygutils-1.4.16-2.tar.xz
2017/12/01 21:33:15 Extracting from file://C:\Users\nic\Downloads/http%3a%2f%2fcygwin.mirrors.hoobly.com%2f/x86_64/release/cygwin/cygwin-2.9.0-3.tar.xz
2017/12/01 21:33:15 Extracting from file://C:\Users\nic\Downloads/http%3a%2f%2fcygwin.mirrors.hoobly.com%2f/x86_64/release/dash/dash-0.5.9.1-1.tar.xz
2017/12/01 21:33:15 Extracting from file://C:\Users\nic\Downloads/http%3a%2f%2fcygwin.mirrors.hoobly.com%2f/x86_64/release/diffutils/diffutils-3.5-2.tar.xz
2017/12/01 21:33:15 Extracting from file://C:\Users\nic\Downloads/http%3a%2f%2fcygwin.mirrors.hoobly.com%2f/x86_64/release/editrights/editrights-1.03-1.tar.xz
2017/12/01 21:33:15 Extracting from file://C:\Users\nic\Downloads/http%3a%2f%2fcygwin.mirrors.hoobly.com%2f/x86_64/release/file/file-5.30-1.tar.xz
2017/12/01 21:33:16 Extracting from file://C:\Users\nic\Downloads/http%3a%2f%2fcygwin.mirrors.hoobly.com%2f/x86_64/release/findutils/findutils-4.6.0-1.tar.xz
2017/12/01 21:33:16 Extracting from file://C:\Users\nic\Downloads/http%3a%2f%2fcygwin.mirrors.hoobly.com%2f/x86_64/release/gawk/gawk-4.2.0-1.tar.xz
2017/12/01 21:33:16 Extracting from file://C:\Users\nic\Downloads/http%3a%2f%2fcygwin.mirrors.hoobly.com%2f/x86_64/release/getent/getent-2.18.90-4.tar.xz
2017/12/01 21:33:16 Extracting from file://C:\Users\nic\Downloads/http%3a%2f%2fcygwin.mirrors.hoobly.com%2f/x86_64/release/gettext/gettext-0.19.8.1-2.tar.xz
2017/12/01 21:33:16 Extracting from file://C:\Users\nic\Downloads/http%3a%2f%2fcygwin.mirrors.hoobly.com%2f/x86_64/release/git/git-2.15.1-1.tar.xz
2017/12/01 21:33:20 Extracting from file://C:\Users\nic\Downloads/http%3a%2f%2fcygwin.mirrors.hoobly.com%2f/x86_64/release/grep/grep-3.0-2.tar.xz
2017/12/01 21:33:20 Extracting from file://C:\Users\nic\Downloads/http%3a%2f%2fcygwin.mirrors.hoobly.com%2f/x86_64/release/groff/groff-1.22.3-1.tar.xz
2017/12/01 21:33:22 Extracting from file://C:\Users\nic\Downloads/http%3a%2f%2fcygwin.mirrors.hoobly.com%2f/x86_64/release/gzip/gzip-1.8-1.tar.xz
2017/12/01 21:33:22 Extracting from file://C:\Users\nic\Downloads/http%3a%2f%2fcygwin.mirrors.hoobly.com%2f/x86_64/release/hostname/hostname-3.13-1.tar.bz2
2017/12/01 21:33:22 Extracting from file://C:\Users\nic\Downloads/http%3a%2f%2fcygwin.mirrors.hoobly.com%2f/x86_64/release/texinfo/info/info-6.5-2.tar.xz
2017/12/01 21:33:22 Extracting from file://C:\Users\nic\Downloads/http%3a%2f%2fcygwin.mirrors.hoobly.com%2f/x86_64/release/ipc-utils/ipc-utils-1.0-2.tar.bz2
2017/12/01 21:33:22 Extracting from file://C:\Users\nic\Downloads/http%3a%2f%2fcygwin.mirrors.hoobly.com%2f/x86_64/release/less/less-487-1.tar.xz
2017/12/01 21:33:22 Extracting from file://C:\Users\nic\Downloads/http%3a%2f%2fcygwin.mirrors.hoobly.com%2f/x86_64/release/libargp/libargp-20110921-3.tar.xz
2017/12/01 21:33:22 Extracting from file://C:\Users\nic\Downloads/http%3a%2f%2fcygwin.mirrors.hoobly.com%2f/x86_64/release/attr/libattr1/libattr1-2.4.46-1.tar.bz2
2017/12/01 21:33:22 Extracting from file://C:\Users\nic\Downloads/http%3a%2f%2fcygwin.mirrors.hoobly.com%2f/x86_64/release/util-linux/libblkid1/libblkid1-2.25.2-2.tar.xz
2017/12/01 21:33:22 Extracting from file://C:\Users\nic\Downloads/http%3a%2f%2fcygwin.mirrors.hoobly.com%2f/x86_64/release/bzip2/libbz2_1/libbz2_1-1.0.6-3.tar.xz
2017/12/01 21:33:22 Extracting from file://C:\Users\nic\Downloads/http%3a%2f%2fcygwin.mirrors.hoobly.com%2f/x86_64/release/e2fsprogs/libcom_err2/libcom_err2-1.42.12-2.tar.xz
2017/12/01 21:33:22 Extracting from file://C:\Users\nic\Downloads/http%3a%2f%2fcygwin.mirrors.hoobly.com%2f/x86_64/release/crypt/libcrypt0/libcrypt0-2.1-1.tar.xz
2017/12/01 21:33:22 Extracting from file://C:\Users\nic\Downloads/http%3a%2f%2fcygwin.mirrors.hoobly.com%2f/x86_64/release/curl/libcurl4/libcurl4-7.56.1-1.tar.xz
2017/12/01 21:33:22 Extracting from file://C:\Users\nic\Downloads/http%3a%2f%2fcygwin.mirrors.hoobly.com%2f/x86_64/release/db/libdb5.3/libdb5.3-5.3.28-2.tar.xz
2017/12/01 21:33:22 Extracting from file://C:\Users\nic\Downloads/http%3a%2f%2fcygwin.mirrors.hoobly.com%2f/x86_64/release/libedit/libedit0/libedit0-20130712-1.tar.xz
2017/12/01 21:33:22 Extracting from file://C:\Users\nic\Downloads/http%3a%2f%2fcygwin.mirrors.hoobly.com%2f/x86_64/release/expat/libexpat1/libexpat1-2.2.3-1.tar.xz
2017/12/01 21:33:22 Extracting from file://C:\Users\nic\Downloads/http%3a%2f%2fcygwin.mirrors.hoobly.com%2f/x86_64/release/libffi/libffi6/libffi6-3.2.1-2.tar.xz
2017/12/01 21:33:22 Extracting from file://C:\Users\nic\Downloads/http%3a%2f%2fcygwin.mirrors.hoobly.com%2f/x86_64/release/libgc/libgc1/libgc1-7.6.0-1.tar.xz
2017/12/01 21:33:22 Extracting from file://C:\Users\nic\Downloads/http%3a%2f%2fcygwin.mirrors.hoobly.com%2f/x86_64/release/gcc/libgcc1/libgcc1-6.4.0-4.tar.xz
2017/12/01 21:33:22 Extracting from file://C:\Users\nic\Downloads/http%3a%2f%2fcygwin.mirrors.hoobly.com%2f/x86_64/release/gdbm/libgdbm4/libgdbm4-1.12-1.tar.xz
2017/12/01 21:33:22 Extracting from file://C:\Users\nic\Downloads/http%3a%2f%2fcygwin.mirrors.hoobly.com%2f/x86_64/release/gmp/libgmp10/libgmp10-6.1.2-1.tar.xz
2017/12/01 21:33:22 Extracting from file://C:\Users\nic\Downloads/http%3a%2f%2fcygwin.mirrors.hoobly.com%2f/x86_64/release/krb5/libgssapi_krb5_2/libgssapi_krb5_2-1.15.2-1.tar.xz
2017/12/01 21:33:22 Extracting from file://C:\Users\nic\Downloads/http%3a%2f%2fcygwin.mirrors.hoobly.com%2f/x86_64/release/guile1.8/libguile17/libguile17-1.8.8-3.tar.xz
2017/12/01 21:33:23 Extracting from file://C:\Users\nic\Downloads/http%3a%2f%2fcygwin.mirrors.hoobly.com%2f/x86_64/release/guile/libguile2.0_22/libguile2.0_22-2.0.14-1.tar.xz
2017/12/01 21:33:24 Extracting from file://C:\Users\nic\Downloads/http%3a%2f%2fcygwin.mirrors.hoobly.com%2f/x86_64/release/libiconv/libiconv-1.14-3.tar.xz
2017/12/01 21:33:25 Extracting from file://C:\Users\nic\Downloads/http%3a%2f%2fcygwin.mirrors.hoobly.com%2f/x86_64/release/libiconv/libiconv2/libiconv2-1.14-3.tar.xz
2017/12/01 21:33:25 Extracting from file://C:\Users\nic\Downloads/http%3a%2f%2fcygwin.mirrors.hoobly.com%2f/x86_64/release/libidn2/libidn2_0/libidn2_0-2.0.4-1.tar.xz
2017/12/01 21:33:25 Extracting from file://C:\Users\nic\Downloads/http%3a%2f%2fcygwin.mirrors.hoobly.com%2f/x86_64/release/gettext/libintl8/libintl8-0.19.8.1-2.tar.xz
2017/12/01 21:33:25 Extracting from file://C:\Users\nic\Downloads/http%3a%2f%2fcygwin.mirrors.hoobly.com%2f/x86_64/release/krb5/libk5crypto3/libk5crypto3-1.15.2-1.tar.xz
2017/12/01 21:33:25 Extracting from file://C:\Users\nic\Downloads/http%3a%2f%2fcygwin.mirrors.hoobly.com%2f/x86_64/release/krb5/libkrb5_3/libkrb5_3-1.15.2-1.tar.xz
2017/12/01 21:33:25 Extracting from file://C:\Users\nic\Downloads/http%3a%2f%2fcygwin.mirrors.hoobly.com%2f/x86_64/release/krb5/libkrb5support0/libkrb5support0-1.15.2-1.tar.xz
2017/12/01 21:33:25 Extracting from file://C:\Users\nic\Downloads/http%3a%2f%2fcygwin.mirrors.hoobly.com%2f/x86_64/release/libtool/libltdl7/libltdl7-2.4.6-5.tar.xz
2017/12/01 21:33:25 Extracting from file://C:\Users\nic\Downloads/http%3a%2f%2fcygwin.mirrors.hoobly.com%2f/x86_64/release/xz/liblzma5/liblzma5-5.2.3-1.tar.xz
2017/12/01 21:33:25 Extracting from file://C:\Users\nic\Downloads/http%3a%2f%2fcygwin.mirrors.hoobly.com%2f/x86_64/release/mpfr/libmpfr4/libmpfr4-3.1.6-1p1.tar.xz
2017/12/01 21:33:25 Extracting from file://C:\Users\nic\Downloads/http%3a%2f%2fcygwin.mirrors.hoobly.com%2f/x86_64/release/ncurses/libncursesw10/libncursesw10-6.0-11.20170617.tar.xz
2017/12/01 21:33:25 Extracting from file://C:\Users\nic\Downloads/http%3a%2f%2fcygwin.mirrors.hoobly.com%2f/x86_64/release/nghttp2/libnghttp2_14/libnghttp2_14-1.23.1-1.tar.xz
2017/12/01 21:33:25 Extracting from file://C:\Users\nic\Downloads/http%3a%2f%2fcygwin.mirrors.hoobly.com%2f/x86_64/release/openldap/libopenldap2_4_2/libopenldap2_4_2-2.4.42-1.tar.xz
2017/12/01 21:33:25 Extracting from file://C:\Users\nic\Downloads/http%3a%2f%2fcygwin.mirrors.hoobly.com%2f/x86_64/release/openssl/libopenssl100/libopenssl100-1.0.2m-1.tar.xz
2017/12/01 21:33:25 Extracting from file://C:\Users\nic\Downloads/http%3a%2f%2fcygwin.mirrors.hoobly.com%2f/x86_64/release/p11-kit/libp11-kit0/libp11-kit0-0.23.5-1.tar.xz
2017/12/01 21:33:25 Extracting from file://C:\Users\nic\Downloads/http%3a%2f%2fcygwin.mirrors.hoobly.com%2f/x86_64/release/pcre/libpcre1/libpcre1-8.40-3.tar.xz
2017/12/01 21:33:25 Extracting from file://C:\Users\nic\Downloads/http%3a%2f%2fcygwin.mirrors.hoobly.com%2f/x86_64/release/libpipeline/libpipeline1/libpipeline1-1.4.0-1.tar.xz
2017/12/01 21:33:25 Extracting from file://C:\Users\nic\Downloads/http%3a%2f%2fcygwin.mirrors.hoobly.com%2f/x86_64/release/popt/libpopt-common/libpopt-common-1.16-2.tar.xz
2017/12/01 21:33:25 Extracting from file://C:\Users\nic\Downloads/http%3a%2f%2fcygwin.mirrors.hoobly.com%2f/x86_64/release/popt/libpopt0/libpopt0-1.16-2.tar.xz
2017/12/01 21:33:25 Extracting from file://C:\Users\nic\Downloads/http%3a%2f%2fcygwin.mirrors.hoobly.com%2f/x86_64/release/libpsl/libpsl5/libpsl5-0.18.0-1.tar.xz
2017/12/01 21:33:25 Extracting from file://C:\Users\nic\Downloads/http%3a%2f%2fcygwin.mirrors.hoobly.com%2f/x86_64/release/readline/libreadline7/libreadline7-7.0.3-3.tar.xz
2017/12/01 21:33:25 Extracting from file://C:\Users\nic\Downloads/http%3a%2f%2fcygwin.mirrors.hoobly.com%2f/x86_64/release/cyrus-sasl/libsasl2_3/libsasl2_3-2.1.26-11.tar.xz
2017/12/01 21:33:25 Extracting from file://C:\Users\nic\Downloads/http%3a%2f%2fcygwin.mirrors.hoobly.com%2f/x86_64/release/libsigsegv/libsigsegv2/libsigsegv2-2.10-2.tar.xz
2017/12/01 21:33:25 Extracting from file://C:\Users\nic\Downloads/http%3a%2f%2fcygwin.mirrors.hoobly.com%2f/x86_64/release/util-linux/libsmartcols1/libsmartcols1-2.25.2-2.tar.xz
2017/12/01 21:33:25 Extracting from file://C:\Users\nic\Downloads/http%3a%2f%2fcygwin.mirrors.hoobly.com%2f/x86_64/release/sqlite3/libsqlite3_0/libsqlite3_0-3.21.0-1.tar.xz
2017/12/01 21:33:25 Extracting from file://C:\Users\nic\Downloads/http%3a%2f%2fcygwin.mirrors.hoobly.com%2f/x86_64/release/libssh2/libssh2_1/libssh2_1-1.7.0-1.tar.xz
2017/12/01 21:33:25 Extracting from file://C:\Users\nic\Downloads/http%3a%2f%2fcygwin.mirrors.hoobly.com%2f/x86_64/release/gcc/libssp0/libssp0-6.4.0-4.tar.xz
2017/12/01 21:33:25 Extracting from file://C:\Users\nic\Downloads/http%3a%2f%2fcygwin.mirrors.hoobly.com%2f/x86_64/release/gcc/libstdc++6/libstdc++6-6.4.0-4.tar.xz
2017/12/01 21:33:25 Extracting from file://C:\Users\nic\Downloads/http%3a%2f%2fcygwin.mirrors.hoobly.com%2f/x86_64/release/libtasn1/libtasn1_6/libtasn1_6-4.12-1.tar.xz
2017/12/01 21:33:25 Extracting from file://C:\Users\nic\Downloads/http%3a%2f%2fcygwin.mirrors.hoobly.com%2f/x86_64/release/libunistring/libunistring2/libunistring2-0.9.6-1.tar.xz
2017/12/01 21:33:26 Extracting from file://C:\Users\nic\Downloads/http%3a%2f%2fcygwin.mirrors.hoobly.com%2f/x86_64/release/util-linux/libuuid-devel/libuuid-devel-2.25.2-2.tar.xz
2017/12/01 21:33:26 Extracting from file://C:\Users\nic\Downloads/http%3a%2f%2fcygwin.mirrors.hoobly.com%2f/x86_64/release/util-linux/libuuid1/libuuid1-2.25.2-2.tar.xz
2017/12/01 21:33:26 Extracting from file://C:\Users\nic\Downloads/http%3a%2f%2fcygwin.mirrors.hoobly.com%2f/x86_64/release/login/login-1.11-1.tar.xz
2017/12/01 21:33:26 Extracting from file://C:\Users\nic\Downloads/http%3a%2f%2fcygwin.mirrors.hoobly.com%2f/x86_64/release/make/make-4.2.1-2.tar.xz
2017/12/01 21:33:26 Extracting from file://C:\Users\nic\Downloads/http%3a%2f%2fcygwin.mirrors.hoobly.com%2f/x86_64/release/man-db/man-db-2.7.5-2.tar.xz
2017/12/01 21:33:26 Extracting from file://C:\Users\nic\Downloads/http%3a%2f%2fcygwin.mirrors.hoobly.com%2f/x86_64/release/mintty/mintty-2.8.1-0.tar.xz
2017/12/01 21:33:26 Extracting from file://C:\Users\nic\Downloads/http%3a%2f%2fcygwin.mirrors.hoobly.com%2f/x86_64/release/ncurses/ncurses-6.0-11.20170617.tar.xz
2017/12/01 21:33:27 Extracting from file://C:\Users\nic\Downloads/http%3a%2f%2fcygwin.mirrors.hoobly.com%2f/x86_64/release/openssh/openssh-7.6p1-1.tar.xz
2017/12/01 21:33:27 Extracting from file://C:\Users\nic\Downloads/http%3a%2f%2fcygwin.mirrors.hoobly.com%2f/x86_64/release/openssl/openssl-1.0.2m-1.tar.xz
2017/12/01 21:33:27 Extracting from file://C:\Users\nic\Downloads/http%3a%2f%2fcygwin.mirrors.hoobly.com%2f/x86_64/release/p11-kit/p11-kit-0.23.5-1.tar.xz
2017/12/01 21:33:27 Extracting from file://C:\Users\nic\Downloads/http%3a%2f%2fcygwin.mirrors.hoobly.com%2f/x86_64/release/p11-kit/p11-kit-trust/p11-kit-trust-0.23.5-1.tar.xz
2017/12/01 21:33:27 Extracting from file://C:\Users\nic\Downloads/http%3a%2f%2fcygwin.mirrors.hoobly.com%2f/x86_64/release/perl/perl-5.26.1-1.tar.xz
2017/12/01 21:33:35 Extracting from file://C:\Users\nic\Downloads/http%3a%2f%2fcygwin.mirrors.hoobly.com%2f/noarch/release/perl-Error/perl-Error-0.17025-2.tar.xz
2017/12/01 21:33:35 Extracting from file://C:\Users\nic\Downloads/http%3a%2f%2fcygwin.mirrors.hoobly.com%2f/x86_64/release/perl-TermReadKey/perl-TermReadKey-2.37-2.tar.xz
2017/12/01 21:33:35 Extracting from file://C:\Users\nic\Downloads/http%3a%2f%2fcygwin.mirrors.hoobly.com%2f/x86_64/release/perl/perl_autorebase/perl_autorebase-5.26.1-1.tar.xz
2017/12/01 21:33:35 Extracting from file://C:\Users\nic\Downloads/http%3a%2f%2fcygwin.mirrors.hoobly.com%2f/x86_64/release/perl/perl_base/perl_base-5.26.1-1.tar.xz
2017/12/01 21:33:38 Extracting from file://C:\Users\nic\Downloads/http%3a%2f%2fcygwin.mirrors.hoobly.com%2f/noarch/release/publicsuffix-list/publicsuffix-list-dafsa/publicsuffix-list-dafsa-20171028-1.tar.xz
2017/12/01 21:33:38 Extracting from file://C:\Users\nic\Downloads/http%3a%2f%2fcygwin.mirrors.hoobly.com%2f/x86_64/release/python2/python2-2.7.14-1.tar.xz
2017/12/01 21:33:49 Extracting from file://C:\Users\nic\Downloads/http%3a%2f%2fcygwin.mirrors.hoobly.com%2f/noarch/release/python-appdirs/python2-appdirs/python2-appdirs-1.4.3-1.tar.xz
2017/12/01 21:33:51 Extracting from file://C:\Users\nic\Downloads/http%3a%2f%2fcygwin.mirrors.hoobly.com%2f/noarch/release/python-packaging/python2-packaging/python2-packaging-16.8-1.tar.xz
2017/12/01 21:33:51 Extracting from file://C:\Users\nic\Downloads/http%3a%2f%2fcygwin.mirrors.hoobly.com%2f/noarch/release/python-pyparsing/python2-pyparsing/python2-pyparsing-2.1.10-1.tar.xz
2017/12/01 21:33:51 Extracting from file://C:\Users\nic\Downloads/http%3a%2f%2fcygwin.mirrors.hoobly.com%2f/noarch/release/python-setuptools/python2-setuptools/python2-setuptools-34.3.2-1.tar.xz
2017/12/01 21:33:53 Extracting from file://C:\Users\nic\Downloads/http%3a%2f%2fcygwin.mirrors.hoobly.com%2f/noarch/release/python-six/python2-six/python2-six-1.10.0-1.tar.xz
2017/12/01 21:33:53 Extracting from file://C:\Users\nic\Downloads/http%3a%2f%2fcygwin.mirrors.hoobly.com%2f/x86_64/release/rebase/rebase-4.4.2-1.tar.xz
2017/12/01 21:33:53 Extracting from file://C:\Users\nic\Downloads/http%3a%2f%2fcygwin.mirrors.hoobly.com%2f/x86_64/release/rsync/rsync-3.1.2-1.tar.xz
2017/12/01 21:33:54 Extracting from file://C:\Users\nic\Downloads/http%3a%2f%2fcygwin.mirrors.hoobly.com%2f/x86_64/release/run/run-1.3.4-2.tar.xz
2017/12/01 21:33:54 Extracting from file://C:\Users\nic\Downloads/http%3a%2f%2fcygwin.mirrors.hoobly.com%2f/x86_64/release/sed/sed-4.4-1.tar.xz
2017/12/01 21:33:54 Extracting from file://C:\Users\nic\Downloads/http%3a%2f%2fcygwin.mirrors.hoobly.com%2f/x86_64/release/tar/tar-1.29-1.tar.xz
2017/12/01 21:33:54 Extracting from file://C:\Users\nic\Downloads/http%3a%2f%2fcygwin.mirrors.hoobly.com%2f/x86_64/release/ncurses/terminfo/terminfo-6.0-11.20170617.tar.xz
2017/12/01 21:33:59 Extracting from file://C:\Users\nic\Downloads/http%3a%2f%2fcygwin.mirrors.hoobly.com%2f/x86_64/release/tzcode/tzcode-2017c-1.tar.xz
2017/12/01 21:33:59 Extracting from file://C:\Users\nic\Downloads/http%3a%2f%2fcygwin.mirrors.hoobly.com%2f/noarch/release/tzdata/tzdata-2017c-1.tar.xz
2017/12/01 21:34:14 Extracting from file://C:\Users\nic\Downloads/http%3a%2f%2fcygwin.mirrors.hoobly.com%2f/x86_64/release/util-linux/util-linux-2.25.2-2.tar.xz
2017/12/01 21:34:14 Extracting from file://C:\Users\nic\Downloads/http%3a%2f%2fcygwin.mirrors.hoobly.com%2f/x86_64/release/vim/vim-minimal/vim-minimal-8.0.1216-1.tar.xz
2017/12/01 21:34:14 Extracting from file://C:\Users\nic\Downloads/http%3a%2f%2fcygwin.mirrors.hoobly.com%2f/x86_64/release/which/which-2.20-2.tar.bz2
2017/12/01 21:34:14 Extracting from file://C:\Users\nic\Downloads/http%3a%2f%2fcygwin.mirrors.hoobly.com%2f/x86_64/release/xz/xz-5.2.3-1.tar.xz
2017/12/01 21:34:14 Extracting from file://C:\Users\nic\Downloads/http%3a%2f%2fcygwin.mirrors.hoobly.com%2f/x86_64/release/zlib/zlib0/zlib0-1.2.11-1.tar.xz
2017/12/01 21:34:14 Changing gid back to original
2017/12/01 21:34:14 running: C:\Users\nic\Downloads\Custom_Poke_Red\bin\dash.exe "/etc/postinstall/0p_000_autorebase.dash"
2017/12/01 21:34:26 running: C:\Users\nic\Downloads\Custom_Poke_Red\bin\dash.exe "/etc/postinstall/0p_update-info-dir.dash"
2017/12/01 21:34:27 running: C:\Users\nic\Downloads\Custom_Poke_Red\bin\bash.exe --norc --noprofile "/etc/postinstall/000-cygwin-post-install.sh"
2017/12/01 21:34:27 running: C:\Users\nic\Downloads\Custom_Poke_Red\bin\bash.exe --norc --noprofile "/etc/postinstall/coreutils.sh"
2017/12/01 21:34:27 running: C:\Users\nic\Downloads\Custom_Poke_Red\bin\bash.exe --norc --noprofile "/etc/postinstall/bash.sh"
2017/12/01 21:34:27 running: C:\Users\nic\Downloads\Custom_Poke_Red\bin\bash.exe --norc --noprofile "/etc/postinstall/base-files-mketc.sh"
2017/12/01 21:34:28 running: C:\Users\nic\Downloads\Custom_Poke_Red\bin\bash.exe --norc --noprofile "/etc/postinstall/base-files-profile.sh"
2017/12/01 21:34:31 running: C:\Users\nic\Downloads\Custom_Poke_Red\bin\bash.exe --norc --noprofile "/etc/postinstall/ca-certificates.sh"
2017/12/01 21:34:32 running: C:\Users\nic\Downloads\Custom_Poke_Red\bin\bash.exe --norc --noprofile "/etc/postinstall/libsasl2_3.sh"
2017/12/01 21:34:32 running: C:\Users\nic\Downloads\Custom_Poke_Red\bin\bash.exe --norc --noprofile "/etc/postinstall/openssh.sh"
2017/12/01 21:34:32 running: C:\Users\nic\Downloads\Custom_Poke_Red\bin\bash.exe --norc --noprofile "/etc/postinstall/man-db.sh"
2017/12/01 21:34:32 running: C:\Users\nic\Downloads\Custom_Poke_Red\bin\bash.exe --norc --noprofile "/etc/postinstall/mintty.sh"
2017/12/01 21:34:32 running: C:\Users\nic\Downloads\Custom_Poke_Red\bin\bash.exe --norc --noprofile "/etc/postinstall/zp_man-db.sh"
2017/12/01 21:34:32 Changing gid to Administrators
2017/12/01 21:35:03 note: Installation Complete
2017/12/01 21:35:03 Ending cygwin install
2017/12/04 23:38:57 Starting cygwin install, version 2.882
2017/12/04 23:38:57 User has backup/restore rights
2017/12/04 23:38:57 Current Directory: C:\Users\sgoes\Downloads
2017/12/04 23:38:57 Could not open service McShield for query, start and stop. McAfee may not be installed, or we don't have access.
2017/12/04 23:39:04 source: network install
2017/12/04 23:47:46 root: C:\Users\sgoes\Documents\GitHub\PokeRedHack system
2017/12/04 23:47:48 Selected local directory: C:\Users\sgoes\Downloads
2017/12/04 23:47:50 net: Direct
2017/12/04 23:47:52 site: http://cygwin.mirror.constant.com/
2017/12/04 23:50:39 Downloaded C:\Users\sgoes\Downloads/http%3a%2f%2fcygwin.mirror.constant.com%2f/noarch/release/base-files/base-files-4.3-2.tar.xz
2017/12/04 23:50:40 running: C:\Users\sgoes\Documents\GitHub\PokeRedHack\bin\bash.exe --norc --noprofile "/etc/preremove/base-files.sh"
2017/12/04 23:50:42 abnormal exit: exit code=2
2017/12/04 23:50:42 Uninstalling base-files
2017/12/04 23:50:42 Extracting from file://C:\Users\sgoes\Downloads/http%3a%2f%2fcygwin.mirror.constant.com%2f/noarch/release/base-files/base-files-4.3-2.tar.xz
2017/12/04 23:50:42 Changing gid back to original
2017/12/04 23:50:42 running: C:\Users\sgoes\Documents\GitHub\PokeRedHack\bin\dash.exe "/etc/postinstall/0p_000_autorebase.dash"
2017/12/04 23:50:42 abnormal exit: exit code=2
2017/12/04 23:50:42 running: C:\Users\sgoes\Documents\GitHub\PokeRedHack\bin\dash.exe "/etc/postinstall/0p_update-info-dir.dash"
2017/12/04 23:50:42 abnormal exit: exit code=2
2017/12/04 23:50:42 running: C:\Users\sgoes\Documents\GitHub\PokeRedHack\bin\bash.exe --norc --noprofile "/etc/postinstall/base-files-mketc.sh"
2017/12/04 23:50:42 running: C:\Users\sgoes\Documents\GitHub\PokeRedHack\bin\bash.exe --norc --noprofile "/etc/postinstall/base-files-profile.sh"
2017/12/04 23:50:42 running: C:\Users\sgoes\Documents\GitHub\PokeRedHack\bin\bash.exe --norc --noprofile "/etc/postinstall/zp_man-db.sh"
2017/12/04 23:50:42 Changing gid to Administrators
2017/12/04 23:50:49 note: Installation Complete
2017/12/04 23:50:49 Ending cygwin install
